<?xml version="1.0" encoding="UTF-8"?>
<testsuite name="raise.tech.student.management.repository.StudentRepositoryTest" tests="1" skipped="0" failures="0" errors="0" timestamp="2024-10-15T14:18:59" hostname="ootamomokonoMacBook-Air.local" time="0.385">
  <properties/>
  <testcase name="申込状況の更新が行われていること()" classname="raise.tech.student.management.repository.StudentRepositoryTest" time="0.385"/>
  <system-out><![CDATA[23:18:58.546 [Test worker] INFO org.springframework.test.context.support.AnnotationConfigContextLoaderUtils -- Could not detect default configuration classes for test class [raise.tech.student.management.repository.StudentRepositoryTest]: StudentRepositoryTest does not declare any static, non-private, non-final, nested classes annotated with @Configuration.
23:18:58.587 [Test worker] INFO org.springframework.boot.test.context.SpringBootTestContextBootstrapper -- Found @SpringBootConfiguration raise.tech.student.management.Application for test class raise.tech.student.management.repository.StudentRepositoryTest

  .   ____          _            __ _ _
 /\\ / ___'_ __ _ _(_)_ __  __ _ \ \ \ \
( ( )\___ | '_ | '_| | '_ \/ _` | \ \ \ \
 \\/  ___)| |_)| | | | | || (_| |  ) ) ) )
  '  |____| .__|_| |_|_| |_\__, | / / / /
 =========|_|==============|___/=/_/_/_/

 :: Spring Boot ::                (v3.3.2)

2024-10-15T23:18:58.710+09:00  INFO 1499 --- [student.management] [    Test worker] r.t.s.m.r.StudentRepositoryTest          : Starting StudentRepositoryTest using Java 21.0.3 with PID 1499 (started by ootamomoko in /Users/ootamomoko/Java23)
2024-10-15T23:18:58.710+09:00  INFO 1499 --- [student.management] [    Test worker] r.t.s.m.r.StudentRepositoryTest          : No active profile set, falling back to 1 default profile: "default"
2024-10-15T23:18:58.842+09:00  INFO 1499 --- [student.management] [    Test worker] beddedDataSourceBeanFactoryPostProcessor : Replacing 'dataSource' DataSource bean with embedded version
2024-10-15T23:18:58.911+09:00  INFO 1499 --- [student.management] [    Test worker] o.s.j.d.e.EmbeddedDatabaseFactory        : Starting embedded database: url='jdbc:h2:mem:b072e2a5-8608-4828-9224-31cf8eac4ded;DB_CLOSE_DELAY=-1;DB_CLOSE_ON_EXIT=false', username='sa'
2024-10-15T23:18:59.112+09:00  INFO 1499 --- [student.management] [    Test worker] r.t.s.m.r.StudentRepositoryTest          : Started StudentRepositoryTest in 0.498 seconds (process running for 0.887)
]]></system-out>
  <system-err><![CDATA[WARNING: A Java agent has been loaded dynamically (/Users/ootamomoko/.gradle/caches/modules-2/files-2.1/net.bytebuddy/byte-buddy-agent/1.14.18/417558ea01fe9f0e8a94af28b9469d281c4e3984/byte-buddy-agent-1.14.18.jar)
WARNING: If a serviceability tool is in use, please run with -XX:+EnableDynamicAgentLoading to hide this warning
WARNING: If a serviceability tool is not in use, please run with -Djdk.instrument.traceUsage for more information
WARNING: Dynamic loading of agents will be disallowed by default in a future release
]]></system-err>
</testsuite>
