<?xml version="1.0" encoding="UTF-8"?>
<testsuite name="raise.tech.student.management.service.StudentServiceTest" tests="1" skipped="0" failures="0" errors="0" timestamp="2024-09-10T11:15:35" hostname="ootamomokonoMacBook-Air.local" time="0.476">
  <properties/>
  <testcase name="受講生詳細の一覧検索_リポジトリとコンバーターの処理が適切に呼び出せていること()" classname="raise.tech.student.management.service.StudentServiceTest" time="0.476"/>
  <system-out><![CDATA[]]></system-out>
  <system-err><![CDATA[WARNING: A Java agent has been loaded dynamically (/Users/ootamomoko/.gradle/caches/modules-2/files-2.1/net.bytebuddy/byte-buddy-agent/1.14.18/417558ea01fe9f0e8a94af28b9469d281c4e3984/byte-buddy-agent-1.14.18.jar)
WARNING: If a serviceability tool is in use, please run with -XX:+EnableDynamicAgentLoading to hide this warning
WARNING: If a serviceability tool is not in use, please run with -Djdk.instrument.traceUsage for more information
WARNING: Dynamic loading of agents will be disallowed by default in a future release
]]></system-err>
</testsuite>
