<?xml version="1.0" encoding="UTF-8"?>
<testsuite name="raise.tech.student.management.repository.StudentRepositoryTest" tests="1" skipped="0" failures="0" errors="0" timestamp="2024-09-13T07:33:57" hostname="ootamomokonoMacBook-Air.local" time="0.364">
  <properties/>
  <testcase name="test()" classname="raise.tech.student.management.repository.StudentRepositoryTest" time="0.364"/>
  <system-out><![CDATA[16:33:57.057 [Test worker] INFO org.springframework.test.context.support.AnnotationConfigContextLoaderUtils -- Could not detect default configuration classes for test class [raise.tech.student.management.repository.StudentRepositoryTest]: StudentRepositoryTest does not declare any static, non-private, non-final, nested classes annotated with @Configuration.
16:33:57.099 [Test worker] INFO org.springframework.boot.test.context.SpringBootTestContextBootstrapper -- Found @SpringBootConfiguration raise.tech.student.management.Application for test class raise.tech.student.management.repository.StudentRepositoryTest

  .   ____          _            __ _ _
 /\\ / ___'_ __ _ _(_)_ __  __ _ \ \ \ \
( ( )\___ | '_ | '_| | '_ \/ _` | \ \ \ \
 \\/  ___)| |_)| | | | | || (_| |  ) ) ) )
  '  |____| .__|_| |_|_| |_\__, | / / / /
 =========|_|==============|___/=/_/_/_/

 :: Spring Boot ::                (v3.3.2)

2024-09-13T16:33:57.219+09:00  INFO 8485 --- [student.management] [    Test worker] r.t.s.m.r.StudentRepositoryTest          : Starting StudentRepositoryTest using Java 21.0.3 with PID 8485 (started by ootamomoko in /Users/ootamomoko/Java23)
2024-09-13T16:33:57.219+09:00  INFO 8485 --- [student.management] [    Test worker] r.t.s.m.r.StudentRepositoryTest          : No active profile set, falling back to 1 default profile: "default"
2024-09-13T16:33:57.349+09:00  INFO 8485 --- [student.management] [    Test worker] beddedDataSourceBeanFactoryPostProcessor : Replacing 'dataSource' DataSource bean with embedded version
2024-09-13T16:33:57.420+09:00  INFO 8485 --- [student.management] [    Test worker] o.s.j.d.e.EmbeddedDatabaseFactory        : Starting embedded database: url='jdbc:h2:mem:3a29314b-0904-43b8-b8bd-223c38f66f54;DB_CLOSE_DELAY=-1;DB_CLOSE_ON_EXIT=false', username='sa'
2024-09-13T16:33:57.564+09:00  INFO 8485 --- [student.management] [    Test worker] r.t.s.m.r.StudentRepositoryTest          : Started StudentRepositoryTest in 0.438 seconds (process running for 0.813)
]]></system-out>
  <system-err><![CDATA[WARNING: A Java agent has been loaded dynamically (/Users/ootamomoko/.gradle/caches/modules-2/files-2.1/net.bytebuddy/byte-buddy-agent/1.14.18/417558ea01fe9f0e8a94af28b9469d281c4e3984/byte-buddy-agent-1.14.18.jar)
WARNING: If a serviceability tool is in use, please run with -XX:+EnableDynamicAgentLoading to hide this warning
WARNING: If a serviceability tool is not in use, please run with -Djdk.instrument.traceUsage for more information
WARNING: Dynamic loading of agents will be disallowed by default in a future release
]]></system-err>
</testsuite>
