<?xml version="1.0" encoding="UTF-8"?>
<testsuite name="raise.tech.student.management.controller.StudentControllerTest" tests="1" skipped="0" failures="0" errors="0" timestamp="2024-09-12T03:14:59" hostname="ootamomokonoMacBook-Air.local" time="0.044">
  <properties/>
  <testcase name="受講生詳細の例外APIが実行できてステータスが400で返ってくること()" classname="raise.tech.student.management.controller.StudentControllerTest" time="0.044"/>
  <system-out><![CDATA[12:14:58.499 [Test worker] INFO org.springframework.test.context.support.AnnotationConfigContextLoaderUtils -- Could not detect default configuration classes for test class [raise.tech.student.management.controller.StudentControllerTest]: StudentControllerTest does not declare any static, non-private, non-final, nested classes annotated with @Configuration.
12:14:58.553 [Test worker] INFO org.springframework.boot.test.context.SpringBootTestContextBootstrapper -- Found @SpringBootConfiguration raise.tech.student.management.Application for test class raise.tech.student.management.controller.StudentControllerTest
12:14:58.589 [Test worker] INFO org.hibernate.validator.internal.util.Version -- HV000001: Hibernate Validator 8.0.1.Final

  .   ____          _            __ _ _
 /\\ / ___'_ __ _ _(_)_ __  __ _ \ \ \ \
( ( )\___ | '_ | '_| | '_ \/ _` | \ \ \ \
 \\/  ___)| |_)| | | | | || (_| |  ) ) ) )
  '  |____| .__|_| |_|_| |_\__, | / / / /
 =========|_|==============|___/=/_/_/_/

 :: Spring Boot ::                (v3.3.2)

2024-09-12T12:14:58.742+09:00  INFO 4525 --- [student.management] [    Test worker] r.t.s.m.c.StudentControllerTest          : Starting StudentControllerTest using Java 21.0.3 with PID 4525 (started by ootamomoko in /Users/ootamomoko/Java23)
2024-09-12T12:14:58.742+09:00  INFO 4525 --- [student.management] [    Test worker] r.t.s.m.c.StudentControllerTest          : No active profile set, falling back to 1 default profile: "default"
2024-09-12T12:14:59.491+09:00  INFO 4525 --- [student.management] [    Test worker] o.s.b.t.m.w.SpringBootMockServletContext : Initializing Spring TestDispatcherServlet ''
2024-09-12T12:14:59.491+09:00  INFO 4525 --- [student.management] [    Test worker] o.s.t.web.servlet.TestDispatcherServlet  : Initializing Servlet ''
2024-09-12T12:14:59.492+09:00  INFO 4525 --- [student.management] [    Test worker] o.s.t.web.servlet.TestDispatcherServlet  : Completed initialization in 1 ms
2024-09-12T12:14:59.504+09:00  INFO 4525 --- [student.management] [    Test worker] r.t.s.m.c.StudentControllerTest          : Started StudentControllerTest in 0.855 seconds (process running for 1.332)
]]></system-out>
  <system-err><![CDATA[WARNING: A Java agent has been loaded dynamically (/Users/ootamomoko/.gradle/caches/modules-2/files-2.1/net.bytebuddy/byte-buddy-agent/1.14.18/417558ea01fe9f0e8a94af28b9469d281c4e3984/byte-buddy-agent-1.14.18.jar)
WARNING: If a serviceability tool is in use, please run with -XX:+EnableDynamicAgentLoading to hide this warning
WARNING: If a serviceability tool is not in use, please run with -Djdk.instrument.traceUsage for more information
WARNING: Dynamic loading of agents will be disallowed by default in a future release
]]></system-err>
</testsuite>
