<?xml version="1.0" encoding="UTF-8"?>
<testsuite name="raise.tech.student.management.ApplicationTests" tests="1" skipped="0" failures="0" errors="0" timestamp="2024-07-28T22:28:45" hostname="ootamomokonoMacBook-Air.local" time="0.381">
  <properties/>
  <testcase name="contextLoads()" classname="raise.tech.student.management.ApplicationTests" time="0.381"/>
  <system-out><![CDATA[07:28:44.722 [Test worker] INFO org.springframework.test.context.support.AnnotationConfigContextLoaderUtils -- Could not detect default configuration classes for test class [raise.tech.student.management.ApplicationTests]: ApplicationTests does not declare any static, non-private, non-final, nested classes annotated with @Configuration.
07:28:44.758 [Test worker] INFO org.springframework.boot.test.context.SpringBootTestContextBootstrapper -- Found @SpringBootConfiguration raise.tech.student.management.Application for test class raise.tech.student.management.ApplicationTests

  .   ____          _            __ _ _
 /\\ / ___'_ __ _ _(_)_ __  __ _ \ \ \ \
( ( )\___ | '_ | '_| | '_ \/ _` | \ \ \ \
 \\/  ___)| |_)| | | | | || (_| |  ) ) ) )
  '  |____| .__|_| |_|_| |_\__, | / / / /
 =========|_|==============|___/=/_/_/_/

 :: Spring Boot ::                (v3.3.2)

2024-07-29T07:28:44.866+09:00  INFO 2636 --- [student.management] [    Test worker] r.t.student.management.ApplicationTests  : Starting ApplicationTests using Java 21.0.3 with PID 2636 (started by ootamomoko in /Users/ootamomoko/Java20)
2024-07-29T07:28:44.866+09:00  INFO 2636 --- [student.management] [    Test worker] r.t.student.management.ApplicationTests  : No active profile set, falling back to 1 default profile: "default"
2024-07-29T07:28:45.278+09:00  INFO 2636 --- [student.management] [    Test worker] r.t.student.management.ApplicationTests  : Started ApplicationTests in 0.477 seconds (process running for 0.837)
]]></system-out>
  <system-err><![CDATA[WARNING: A Java agent has been loaded dynamically (/Users/ootamomoko/.gradle/caches/modules-2/files-2.1/net.bytebuddy/byte-buddy-agent/1.14.18/417558ea01fe9f0e8a94af28b9469d281c4e3984/byte-buddy-agent-1.14.18.jar)
WARNING: If a serviceability tool is in use, please run with -XX:+EnableDynamicAgentLoading to hide this warning
WARNING: If a serviceability tool is not in use, please run with -Djdk.instrument.traceUsage for more information
WARNING: Dynamic loading of agents will be disallowed by default in a future release
]]></system-err>
</testsuite>
